{"D:\\projetos\\teste_igma\\src\\config\\db.ts": {"path":"D:\\projetos\\teste_igma\\src\\config\\db.ts","statementMap":{"0":{"start":{"line":3,"column":25},"end":{"line":3,"column":28}},"1":{"start":{"line":4,"column":15},"end":{"line":4,"column":33}}},"fnMap":{},"branchMap":{},"s":{"0":1,"1":1},"f":{},"b":{}}
,"D:\\projetos\\teste_igma\\src\\exceptions\\ErrorHandler.ts": {"path":"D:\\projetos\\teste_igma\\src\\exceptions\\ErrorHandler.ts","statementMap":{"0":{"start":{"line":1,"column":0},"end":{"line":1,"column":null}},"1":{"start":{"line":2,"column":4},"end":{"line":2,"column":null}},"2":{"start":{"line":3,"column":4},"end":{"line":3,"column":null}},"3":{"start":{"line":4,"column":4},"end":{"line":4,"column":null}},"4":{"start":{"line":5,"column":4},"end":{"line":5,"column":null}},"5":{"start":{"line":6,"column":4},"end":{"line":6,"column":null}},"6":{"start":{"line":7,"column":4},"end":{"line":7,"column":null}},"7":{"start":{"line":14,"column":8},"end":{"line":14,"column":23}},"8":{"start":{"line":15,"column":8},"end":{"line":15,"column":37}},"9":{"start":{"line":22,"column":8},"end":{"line":22,"column":54}},"10":{"start":{"line":28,"column":8},"end":{"line":28,"column":43}},"11":{"start":{"line":35,"column":8},"end":{"line":35,"column":42}}},"fnMap":{"0":{"name":"(anonymous_0)","decl":{"start":{"line":1,"column":0},"end":{"line":1,"column":6}},"loc":{"start":{"line":1,"column":20},"end":{"line":8,"column":1}}},"1":{"name":"(anonymous_1)","decl":{"start":{"line":13,"column":4},"end":{"line":13,"column":16}},"loc":{"start":{"line":13,"column":51},"end":{"line":16,"column":5}}},"2":{"name":"(anonymous_2)","decl":{"start":{"line":21,"column":4},"end":{"line":21,"column":16}},"loc":{"start":{"line":21,"column":31},"end":{"line":23,"column":5}}},"3":{"name":"(anonymous_3)","decl":{"start":{"line":27,"column":4},"end":{"line":27,"column":16}},"loc":{"start":{"line":27,"column":31},"end":{"line":29,"column":5}}},"4":{"name":"(anonymous_4)","decl":{"start":{"line":34,"column":4},"end":{"line":34,"column":16}},"loc":{"start":{"line":34,"column":31},"end":{"line":36,"column":5}}}},"branchMap":{"0":{"loc":{"start":{"line":1,"column":12},"end":{"line":1,"column":null}},"type":"binary-expr","locations":[{"start":{"line":1,"column":12},"end":{"line":1,"column":20}},{"start":{"line":1,"column":12},"end":{"line":1,"column":null}}]}},"s":{"0":1,"1":1,"2":1,"3":1,"4":1,"5":1,"6":1,"7":7,"8":7,"9":2,"10":3,"11":2},"f":{"0":1,"1":7,"2":2,"3":3,"4":2},"b":{"0":[1,1]}}
,"D:\\projetos\\teste_igma\\src\\model\\customer.ts": {"path":"D:\\projetos\\teste_igma\\src\\model\\customer.ts","statementMap":{"0":{"start":{"line":4,"column":12},"end":{"line":4,"column":41}},"1":{"start":{"line":7,"column":8},"end":{"line":7,"column":25}},"2":{"start":{"line":8,"column":8},"end":{"line":8,"column":23}},"3":{"start":{"line":9,"column":8},"end":{"line":9,"column":35}},"4":{"start":{"line":13,"column":8},"end":{"line":13,"column":25}},"5":{"start":{"line":17,"column":8},"end":{"line":17,"column":24}},"6":{"start":{"line":21,"column":8},"end":{"line":21,"column":30}},"7":{"start":{"line":26,"column":8},"end":{"line":40,"column":null}},"8":{"start":{"line":27,"column":47},"end":{"line":27,"column":49}},"9":{"start":{"line":29,"column":12},"end":{"line":31,"column":null}},"10":{"start":{"line":29,"column":25},"end":{"line":29,"column":26}},"11":{"start":{"line":30,"column":16},"end":{"line":30,"column":60}},"12":{"start":{"line":33,"column":35},"end":{"line":33,"column":81}},"13":{"start":{"line":34,"column":38},"end":{"line":34,"column":72}},"14":{"start":{"line":36,"column":12},"end":{"line":36,"column":52}},"15":{"start":{"line":39,"column":12},"end":{"line":39,"column":25}},"16":{"start":{"line":44,"column":20},"end":{"line":44,"column":21}},"17":{"start":{"line":45,"column":25},"end":{"line":45,"column":39}},"18":{"start":{"line":47,"column":8},"end":{"line":50,"column":null}},"19":{"start":{"line":48,"column":12},"end":{"line":48,"column":41}},"20":{"start":{"line":49,"column":12},"end":{"line":49,"column":25}},"21":{"start":{"line":52,"column":19},"end":{"line":52,"column":29}},"22":{"start":{"line":53,"column":20},"end":{"line":53,"column":45}},"23":{"start":{"line":54,"column":8},"end":{"line":54,"column":21}},"24":{"start":{"line":56,"column":8},"end":{"line":56,"column":19}}},"fnMap":{"0":{"name":"(anonymous_0)","decl":{"start":{"line":6,"column":4},"end":{"line":6,"column":16}},"loc":{"start":{"line":6,"column":58},"end":{"line":10,"column":5}}},"1":{"name":"(anonymous_1)","decl":{"start":{"line":12,"column":11},"end":{"line":12,"column":18}},"loc":{"start":{"line":12,"column":18},"end":{"line":14,"column":5}}},"2":{"name":"(anonymous_2)","decl":{"start":{"line":16,"column":11},"end":{"line":16,"column":17}},"loc":{"start":{"line":16,"column":17},"end":{"line":18,"column":5}}},"3":{"name":"(anonymous_3)","decl":{"start":{"line":20,"column":11},"end":{"line":20,"column":23}},"loc":{"start":{"line":20,"column":23},"end":{"line":22,"column":5}}},"4":{"name":"(anonymous_4)","decl":{"start":{"line":24,"column":11},"end":{"line":24,"column":21}},"loc":{"start":{"line":24,"column":21},"end":{"line":41,"column":5}}},"5":{"name":"(anonymous_5)","decl":{"start":{"line":43,"column":11},"end":{"line":43,"column":22}},"loc":{"start":{"line":43,"column":34},"end":{"line":57,"column":5}}}},"branchMap":{"0":{"loc":{"start":{"line":26,"column":8},"end":{"line":40,"column":null}},"type":"if","locations":[{"start":{"line":26,"column":8},"end":{"line":40,"column":null}},{"start":{"line":38,"column":15},"end":{"line":40,"column":null}}]},"1":{"loc":{"start":{"line":53,"column":20},"end":{"line":53,"column":45}},"type":"cond-expr","locations":[{"start":{"line":53,"column":32},"end":{"line":53,"column":41}},{"start":{"line":53,"column":44},"end":{"line":53,"column":45}}]}},"s":{"0":5,"1":5,"2":5,"3":5,"4":2,"5":2,"6":2,"7":4,"8":3,"9":3,"10":3,"11":27,"12":3,"13":3,"14":3,"15":1,"16":6,"17":6,"18":6,"19":57,"20":57,"21":6,"22":6,"23":6,"24":6},"f":{"0":5,"1":2,"2":2,"3":2,"4":4,"5":6},"b":{"0":[3,1],"1":[6,0]}}
,"D:\\projetos\\teste_igma\\src\\repositories\\customerRepository.ts": {"path":"D:\\projetos\\teste_igma\\src\\repositories\\customerRepository.ts","statementMap":{"0":{"start":{"line":8,"column":8},"end":{"line":10,"column":11}},"1":{"start":{"line":14,"column":8},"end":{"line":18,"column":11}},"2":{"start":{"line":22,"column":8},"end":{"line":25,"column":11}},"3":{"start":{"line":29,"column":8},"end":{"line":33,"column":11}},"4":{"start":{"line":37,"column":8},"end":{"line":42,"column":11}},"5":{"start":{"line":46,"column":8},"end":{"line":50,"column":11}}},"fnMap":{"0":{"name":"(anonymous_7)","decl":{"start":{"line":7,"column":10},"end":{"line":7,"column":16}},"loc":{"start":{"line":7,"column":37},"end":{"line":11,"column":null}}},"1":{"name":"(anonymous_9)","decl":{"start":{"line":13,"column":10},"end":{"line":13,"column":19}},"loc":{"start":{"line":13,"column":31},"end":{"line":19,"column":null}}},"2":{"name":"(anonymous_11)","decl":{"start":{"line":21,"column":10},"end":{"line":21,"column":17}},"loc":{"start":{"line":21,"column":45},"end":{"line":26,"column":null}}},"3":{"name":"(anonymous_13)","decl":{"start":{"line":28,"column":10},"end":{"line":28,"column":18}},"loc":{"start":{"line":28,"column":29},"end":{"line":34,"column":null}}},"4":{"name":"(anonymous_15)","decl":{"start":{"line":36,"column":10},"end":{"line":36,"column":24}},"loc":{"start":{"line":36,"column":57},"end":{"line":43,"column":null}}},"5":{"name":"(anonymous_17)","decl":{"start":{"line":45,"column":10},"end":{"line":45,"column":16}},"loc":{"start":{"line":45,"column":27},"end":{"line":51,"column":null}}}},"branchMap":{},"s":{"0":0,"1":0,"2":0,"3":0,"4":0,"5":0},"f":{"0":0,"1":0,"2":0,"3":0,"4":0,"5":0},"b":{}}
,"D:\\projetos\\teste_igma\\src\\services\\customerService.ts": {"path":"D:\\projetos\\teste_igma\\src\\services\\customerService.ts","statementMap":{"0":{"start":{"line":21,"column":34},"end":{"line":21,"column":54}},"1":{"start":{"line":22,"column":27},"end":{"line":22,"column":46}},"2":{"start":{"line":23,"column":30},"end":{"line":23,"column":78}},"3":{"start":{"line":26,"column":8},"end":{"line":28,"column":null}},"4":{"start":{"line":27,"column":12},"end":{"line":27,"column":65}},"5":{"start":{"line":30,"column":25},"end":{"line":30,"column":140}},"6":{"start":{"line":32,"column":8},"end":{"line":34,"column":null}},"7":{"start":{"line":33,"column":12},"end":{"line":33,"column":64}},"8":{"start":{"line":36,"column":8},"end":{"line":36,"column":130}},"9":{"start":{"line":40,"column":26},"end":{"line":40,"column":71}},"10":{"start":{"line":41,"column":8},"end":{"line":41,"column":25}},"11":{"start":{"line":45,"column":29},"end":{"line":45,"column":48}},"12":{"start":{"line":47,"column":25},"end":{"line":47,"column":73}},"13":{"start":{"line":49,"column":8},"end":{"line":51,"column":null}},"14":{"start":{"line":50,"column":12},"end":{"line":50,"column":68}},"15":{"start":{"line":53,"column":8},"end":{"line":53,"column":53}},"16":{"start":{"line":57,"column":29},"end":{"line":57,"column":48}},"17":{"start":{"line":58,"column":25},"end":{"line":58,"column":73}},"18":{"start":{"line":60,"column":8},"end":{"line":62,"column":null}},"19":{"start":{"line":61,"column":12},"end":{"line":61,"column":63}},"20":{"start":{"line":64,"column":8},"end":{"line":64,"column":24}},"21":{"start":{"line":68,"column":25},"end":{"line":68,"column":62}},"22":{"start":{"line":70,"column":8},"end":{"line":72,"column":null}},"23":{"start":{"line":71,"column":12},"end":{"line":71,"column":63}},"24":{"start":{"line":74,"column":29},"end":{"line":74,"column":69}},"25":{"start":{"line":75,"column":35},"end":{"line":75,"column":97}},"26":{"start":{"line":76,"column":34},"end":{"line":76,"column":87}},"27":{"start":{"line":77,"column":29},"end":{"line":77,"column":115}},"28":{"start":{"line":80,"column":8},"end":{"line":84,"column":null}},"29":{"start":{"line":81,"column":12},"end":{"line":81,"column":174}},"30":{"start":{"line":83,"column":12},"end":{"line":83,"column":108}},"31":{"start":{"line":87,"column":8},"end":{"line":89,"column":null}},"32":{"start":{"line":88,"column":12},"end":{"line":88,"column":63}},"33":{"start":{"line":91,"column":8},"end":{"line":93,"column":null}},"34":{"start":{"line":92,"column":12},"end":{"line":92,"column":64}},"35":{"start":{"line":95,"column":8},"end":{"line":95,"column":151}},"36":{"start":{"line":101,"column":25},"end":{"line":101,"column":67}},"37":{"start":{"line":104,"column":8},"end":{"line":112,"column":null}},"38":{"start":{"line":105,"column":49},"end":{"line":105,"column":63}},"39":{"start":{"line":106,"column":27},"end":{"line":106,"column":69}},"40":{"start":{"line":107,"column":35},"end":{"line":107,"column":50}},"41":{"start":{"line":108,"column":12},"end":{"line":108,"column":78}},"42":{"start":{"line":109,"column":12},"end":{"line":109,"column":32}},"43":{"start":{"line":111,"column":12},"end":{"line":111,"column":23}}},"fnMap":{"0":{"name":"(anonymous_7)","decl":{"start":{"line":20,"column":17},"end":{"line":20,"column":23}},"loc":{"start":{"line":20,"column":68},"end":{"line":37,"column":null}}},"1":{"name":"(anonymous_9)","decl":{"start":{"line":39,"column":17},"end":{"line":39,"column":24}},"loc":{"start":{"line":39,"column":52},"end":{"line":42,"column":null}}},"2":{"name":"(anonymous_11)","decl":{"start":{"line":44,"column":17},"end":{"line":44,"column":28}},"loc":{"start":{"line":44,"column":40},"end":{"line":54,"column":null}}},"3":{"name":"(anonymous_13)","decl":{"start":{"line":56,"column":17},"end":{"line":56,"column":33}},"loc":{"start":{"line":56,"column":45},"end":{"line":65,"column":null}}},"4":{"name":"(anonymous_15)","decl":{"start":{"line":67,"column":17},"end":{"line":67,"column":35}},"loc":{"start":{"line":67,"column":95},"end":{"line":97,"column":null}}},"5":{"name":"(anonymous_17)","decl":{"start":{"line":100,"column":11},"end":{"line":100,"column":20}},"loc":{"start":{"line":100,"column":32},"end":{"line":113,"column":5}}}},"branchMap":{"0":{"loc":{"start":{"line":26,"column":8},"end":{"line":28,"column":null}},"type":"if","locations":[{"start":{"line":26,"column":8},"end":{"line":28,"column":null}}]},"1":{"loc":{"start":{"line":32,"column":8},"end":{"line":34,"column":null}},"type":"if","locations":[{"start":{"line":32,"column":8},"end":{"line":34,"column":null}}]},"2":{"loc":{"start":{"line":49,"column":8},"end":{"line":51,"column":null}},"type":"if","locations":[{"start":{"line":49,"column":8},"end":{"line":51,"column":null}}]},"3":{"loc":{"start":{"line":60,"column":8},"end":{"line":62,"column":null}},"type":"if","locations":[{"start":{"line":60,"column":8},"end":{"line":62,"column":null}}]},"4":{"loc":{"start":{"line":70,"column":8},"end":{"line":72,"column":null}},"type":"if","locations":[{"start":{"line":70,"column":8},"end":{"line":72,"column":null}}]},"5":{"loc":{"start":{"line":74,"column":29},"end":{"line":74,"column":69}},"type":"cond-expr","locations":[{"start":{"line":74,"column":35},"end":{"line":74,"column":54}},{"start":{"line":74,"column":57},"end":{"line":74,"column":69}}]},"6":{"loc":{"start":{"line":75,"column":35},"end":{"line":75,"column":97}},"type":"cond-expr","locations":[{"start":{"line":75,"column":41},"end":{"line":75,"column":89}},{"start":{"line":75,"column":92},"end":{"line":75,"column":97}}]},"7":{"loc":{"start":{"line":76,"column":34},"end":{"line":76,"column":87}},"type":"cond-expr","locations":[{"start":{"line":76,"column":46},"end":{"line":76,"column":66}},{"start":{"line":76,"column":69},"end":{"line":76,"column":87}}]},"8":{"loc":{"start":{"line":77,"column":37},"end":{"line":77,"column":64}},"type":"cond-expr","locations":[{"start":{"line":77,"column":44},"end":{"line":77,"column":48}},{"start":{"line":77,"column":51},"end":{"line":77,"column":64}}]},"9":{"loc":{"start":{"line":80,"column":8},"end":{"line":84,"column":null}},"type":"if","locations":[{"start":{"line":80,"column":8},"end":{"line":84,"column":null}},{"start":{"line":82,"column":15},"end":{"line":84,"column":null}}]},"10":{"loc":{"start":{"line":87,"column":8},"end":{"line":89,"column":null}},"type":"if","locations":[{"start":{"line":87,"column":8},"end":{"line":89,"column":null}}]},"11":{"loc":{"start":{"line":91,"column":8},"end":{"line":93,"column":null}},"type":"if","locations":[{"start":{"line":91,"column":8},"end":{"line":93,"column":null}}]},"12":{"loc":{"start":{"line":104,"column":8},"end":{"line":112,"column":null}},"type":"if","locations":[{"start":{"line":104,"column":8},"end":{"line":112,"column":null}},{"start":{"line":110,"column":15},"end":{"line":112,"column":null}}]}},"s":{"0":3,"1":3,"2":3,"3":3,"4":1,"5":2,"6":2,"7":1,"8":1,"9":1,"10":1,"11":2,"12":2,"13":2,"14":1,"15":1,"16":2,"17":2,"18":2,"19":1,"20":1,"21":4,"22":4,"23":1,"24":3,"25":3,"26":3,"27":3,"28":3,"29":1,"30":2,"31":3,"32":1,"33":2,"34":1,"35":1,"36":2,"37":2,"38":1,"39":1,"40":1,"41":1,"42":1,"43":1},"f":{"0":3,"1":1,"2":2,"3":2,"4":4,"5":2},"b":{"0":[1],"1":[1],"2":[1],"3":[1],"4":[1],"5":[2,1],"6":[2,1],"7":[1,2],"8":[2,1],"9":[1,2],"10":[1],"11":[1],"12":[1,1]}}
}
