TN:
SF:src\config\db.ts
FNF:0
FNH:0
DA:3,1
DA:4,1
LF:2
LH:2
BRF:0
BRH:0
end_of_record
TN:
SF:src\exceptions\ErrorHandler.ts
FN:1,(anonymous_0)
FN:13,(anonymous_1)
FN:21,(anonymous_2)
FN:27,(anonymous_3)
FN:34,(anonymous_4)
FNF:5
FNH:5
FNDA:1,(anonymous_0)
FNDA:7,(anonymous_1)
FNDA:2,(anonymous_2)
FNDA:3,(anonymous_3)
FNDA:2,(anonymous_4)
DA:1,1
DA:2,1
DA:3,1
DA:4,1
DA:5,1
DA:6,1
DA:7,1
DA:14,7
DA:15,7
DA:22,2
DA:28,3
DA:35,2
LF:12
LH:12
BRDA:1,0,0,1
BRDA:1,0,1,1
BRF:2
BRH:2
end_of_record
TN:
SF:src\model\customer.ts
FN:6,(anonymous_0)
FN:12,(anonymous_1)
FN:16,(anonymous_2)
FN:20,(anonymous_3)
FN:24,(anonymous_4)
FN:43,(anonymous_5)
FNF:6
FNH:6
FNDA:5,(anonymous_0)
FNDA:2,(anonymous_1)
FNDA:2,(anonymous_2)
FNDA:2,(anonymous_3)
FNDA:4,(anonymous_4)
FNDA:6,(anonymous_5)
DA:4,5
DA:7,5
DA:8,5
DA:9,5
DA:13,2
DA:17,2
DA:21,2
DA:26,4
DA:27,3
DA:29,3
DA:30,27
DA:33,3
DA:34,3
DA:36,3
DA:39,1
DA:44,6
DA:45,6
DA:47,6
DA:48,57
DA:49,57
DA:52,6
DA:53,6
DA:54,6
DA:56,6
LF:24
LH:24
BRDA:26,0,0,3
BRDA:26,0,1,1
BRDA:53,1,0,6
BRDA:53,1,1,0
BRF:4
BRH:3
end_of_record
TN:
SF:src\repositories\customerRepository.ts
FN:7,(anonymous_7)
FN:13,(anonymous_9)
FN:21,(anonymous_11)
FN:28,(anonymous_13)
FN:36,(anonymous_15)
FN:45,(anonymous_17)
FNF:6
FNH:0
FNDA:0,(anonymous_7)
FNDA:0,(anonymous_9)
FNDA:0,(anonymous_11)
FNDA:0,(anonymous_13)
FNDA:0,(anonymous_15)
FNDA:0,(anonymous_17)
DA:8,0
DA:14,0
DA:22,0
DA:29,0
DA:37,0
DA:46,0
LF:6
LH:0
BRF:0
BRH:0
end_of_record
TN:
SF:src\services\customerService.ts
FN:20,(anonymous_7)
FN:39,(anonymous_9)
FN:44,(anonymous_11)
FN:56,(anonymous_13)
FN:67,(anonymous_15)
FN:100,(anonymous_17)
FNF:6
FNH:6
FNDA:3,(anonymous_7)
FNDA:1,(anonymous_9)
FNDA:2,(anonymous_11)
FNDA:2,(anonymous_13)
FNDA:4,(anonymous_15)
FNDA:2,(anonymous_17)
DA:21,3
DA:22,3
DA:23,3
DA:26,3
DA:27,1
DA:30,2
DA:32,2
DA:33,1
DA:36,1
DA:40,1
DA:41,1
DA:45,2
DA:47,2
DA:49,2
DA:50,1
DA:53,1
DA:57,2
DA:58,2
DA:60,2
DA:61,1
DA:64,1
DA:68,4
DA:70,4
DA:71,1
DA:74,3
DA:75,3
DA:76,3
DA:77,3
DA:80,3
DA:81,1
DA:83,2
DA:87,3
DA:88,1
DA:91,2
DA:92,1
DA:95,1
DA:101,2
DA:104,2
DA:105,1
DA:106,1
DA:107,1
DA:108,1
DA:109,1
DA:111,1
LF:44
LH:44
BRDA:26,0,0,1
BRDA:32,1,0,1
BRDA:49,2,0,1
BRDA:60,3,0,1
BRDA:70,4,0,1
BRDA:74,5,0,2
BRDA:74,5,1,1
BRDA:75,6,0,2
BRDA:75,6,1,1
BRDA:76,7,0,1
BRDA:76,7,1,2
BRDA:77,8,0,2
BRDA:77,8,1,1
BRDA:80,9,0,1
BRDA:80,9,1,2
BRDA:87,10,0,1
BRDA:91,11,0,1
BRDA:104,12,0,1
BRDA:104,12,1,1
BRF:19
BRH:19
end_of_record
